(---------------------------------------------------------------------)
(                                                                     )
(    NC DRILL Log                                                     )
(                                                                     )
(    Drawing          : upper_pcb.brd                                 )
(    Software Version : 17.4S039                                      )
(    Date/Time        : Wed Jun 25 00:02:18 2025                      )
(                                                                     )
(---------------------------------------------------------------------)



 Processing NC Parameters file 'nc_param.txt' ...

 NC PARAMETERS
 -------------

 FORMAT   		2.5
 MACHINE-OFFSET		x:0.00000	y:0.00000   (mm)
 FEEDRATE		1
 COORDINATES		ABSOLUTE
 OUTPUT-UNITS		METRIC
 TOOL-ORDER		INCREASING
 REPEAT-CODES		YES
 SUPPRESS-LEAD-ZEROES	NO
 SUPPRESS-TRAIL-ZEROES	NO
 SUPPRESS-EQUAL		NO
 TOOL-SELECT		NO
 HEADER			none
 LEADER			12
 CODE			ASCII
 SEPARATE		NO
 SEPARATE-ROUTING	NO
 OPTIMIZE_DRILLING	NO
 ENHANCED_EXCELLON	NO
 SCALE			1.000000



 Drill files being output to directory 'C:/Users/user/Documents/GitHub/BaGuaLu/circuit/upper_pcb/layout' ...



     'upper_pcb-1-2.drl' created for holes connecting TOP and BOTTOM
     ---------------------------------------------------------------

           Num     Size      +/- Tolerance     Plating   Quantity

            1.   0.3000    0.0000/  0.0000      PLATED         81
            2.   0.8128    0.0000/  0.0000      PLATED          3
            3.   1.0000    0.0000/  0.0000      PLATED          8
            4.   3.0000    0.0000/  0.0000  NON_PLATED          4

     ---- Total holes:                                         96

     ---- Total head travel:              3.05 feet (0.93 meters)

