(---------------------------------------------------------------------)
(                                                                     )
(    NC DRILL Log                                                     )
(                                                                     )
(    Drawing          : control_pcb.brd                               )
(    Software Version : 17.4S039                                      )
(    Date/Time        : Tue Jul  1 11:27:15 2025                      )
(                                                                     )
(---------------------------------------------------------------------)



 Processing NC Parameters file 'nc_param.txt' ...

 NC PARAMETERS
 -------------

 FORMAT   		2.5
 MACHINE-OFFSET		x:0.00000	y:0.00000   (mm)
 FEEDRATE		1
 COORDINATES		ABSOLUTE
 OUTPUT-UNITS		METRIC
 TOOL-ORDER		INCREASING
 REPEAT-CODES		YES
 SUPPRESS-LEAD-ZEROES	NO
 SUPPRESS-TRAIL-ZEROES	NO
 SUPPRESS-EQUAL		NO
 TOOL-SELECT		NO
 HEADER			none
 LEADER			12
 CODE			ASCII
 SEPARATE		NO
 SEPARATE-ROUTING	NO
 OPTIMIZE_DRILLING	NO
 ENHANCED_EXCELLON	NO
 SCALE			1.000000

 WARNING(SPMHMF-365): This design contains 12 slot holes that cannot be drilled.
 WARNING(SPMHMF-366): They can be processed by NC routing instead.


 Drill files being output to directory 'C:/Users/user/Documents/GitHub/BaGuaLu/circuit/control_pcb/layout' ...



     'control_pcb-1-2.drl' created for holes connecting TOP and BOTTOM
     -----------------------------------------------------------------

           Num     Size      +/- Tolerance     Plating   Quantity

            1.   0.3000    0.0000/  0.0000      PLATED        483
            2.   0.8000    0.0000/  0.0000      PLATED          3
            3.   1.0000    0.0000/  0.0000      PLATED         19
            4.   1.5240    0.0000/  0.0000      PLATED          4
            5.   0.6000    0.0000/  0.0000  NON_PLATED          2
            6.   3.0000    0.0000/  0.0000  NON_PLATED          4
            7.   3.2000    0.0000/  0.0000  NON_PLATED          4

     ---- Total holes:                                        519

     ---- Total head travel:              23.54 feet (7.17 meters)

